[GIN-debug] [WARNING] Creating an Engine instance with the Logger and Recovery middleware already attached.

[GIN-debug] [WARNING] Running in "debug" mode. Switch to "release" mode in production.
 - using env:	export GIN_MODE=release
 - using code:	gin.SetMode(gin.ReleaseMode)

[GIN-debug] GET    /                         --> main.main.func2 (5 handlers)
[GIN-debug] GET    /ping                     --> main.main.func3 (5 handlers)
[GIN-debug] GET    /JSONP?callback=x         --> main.main.func4 (5 handlers)
[GIN-debug] Listening and serving HTTP on :8080
::1 - [Tue, 19 May 2020 13:45:46 CST] "GET / HTTP/1.1 200 65.597µs "Mozilla/5.0 (X11; Linux x86_64) AppleWebKit/537.36 (KHTML, like Gecko) Chrome/81.0.4044.138 Safari/537.36" "
[GIN] 2020/05/19 - 13:45:46 | 200 |     110.225µs |             ::1 | GET      "/"
[GIN-debug] [WARNING] Creating an Engine instance with the Logger and Recovery middleware already attached.

[GIN-debug] [WARNING] Running in "debug" mode. Switch to "release" mode in production.
 - using env:	export GIN_MODE=release
 - using code:	gin.SetMode(gin.ReleaseMode)

[GIN-debug] GET    /                         --> main.main.func2 (5 handlers)
[GIN-debug] GET    /ping                     --> main.main.func3 (5 handlers)
[GIN-debug] GET    /JSONP?callback=x         --> main.main.func4 (5 handlers)
[GIN-debug] Listening and serving HTTP on :8080
::1 - [Tue, 19 May 2020 15:10:11 CST] "GET / HTTP/1.1 200 54.227µs "Mozilla/5.0 (X11; Linux x86_64) AppleWebKit/537.36 (KHTML, like Gecko) Chrome/81.0.4044.138 Safari/537.36" "
[GIN] 2020/05/19 - 15:10:11 | 200 |     101.011µs |             ::1 | GET      "/"
::1 - [Tue, 19 May 2020 15:10:13 CST] "GET /favicon.ico HTTP/1.1 404 419ns "Mozilla/5.0 (X11; Linux x86_64) AppleWebKit/537.36 (KHTML, like Gecko) Chrome/81.0.4044.138 Safari/537.36" "
[GIN] 2020/05/19 - 15:10:13 | 404 |       67.19µs |             ::1 | GET      "/favicon.ico"
::1 - [Tue, 19 May 2020 15:10:15 CST] "GET /ping HTTP/1.1 200 21.126µs "Mozilla/5.0 (X11; Linux x86_64) AppleWebKit/537.36 (KHTML, like Gecko) Chrome/81.0.4044.138 Safari/537.36" "
[GIN] 2020/05/19 - 15:10:15 | 200 |      65.179µs |             ::1 | GET      "/ping"
[GIN-debug] [WARNING] Creating an Engine instance with the Logger and Recovery middleware already attached.

[GIN-debug] [WARNING] Running in "debug" mode. Switch to "release" mode in production.
 - using env:	export GIN_MODE=release
 - using code:	gin.SetMode(gin.ReleaseMode)

[GIN-debug] GET    /                         --> main.main.func2 (5 handlers)
[GIN-debug] GET    /ping                     --> main.main.func3 (5 handlers)
[GIN-debug] GET    /JSONP?callback=x         --> main.main.func4 (5 handlers)
[GIN-debug] GET    /test                     --> main.testGet (5 handlers)
[GIN-debug] Listening and serving HTTP on :8080
::1 - [Tue, 19 May 2020 17:29:42 CST] "GET /test HTTP/1.1 200 103.901µs "Mozilla/5.0 (X11; Linux x86_64) AppleWebKit/537.36 (KHTML, like Gecko) Chrome/81.0.4044.138 Safari/537.36" "
[GIN] 2020/05/19 - 17:29:42 | 200 |     173.192µs |             ::1 | GET      "/test"
::1 - [Tue, 19 May 2020 17:29:42 CST] "GET /favicon.ico HTTP/1.1 404 261ns "Mozilla/5.0 (X11; Linux x86_64) AppleWebKit/537.36 (KHTML, like Gecko) Chrome/81.0.4044.138 Safari/537.36" "
[GIN] 2020/05/19 - 17:29:42 | 404 |      35.885µs |             ::1 | GET      "/favicon.ico"
::1 - [Tue, 19 May 2020 17:30:21 CST] "GET /test HTTP/1.1 200 33.031µs "Mozilla/5.0 (X11; Linux x86_64) AppleWebKit/537.36 (KHTML, like Gecko) Chrome/81.0.4044.138 Safari/537.36" "
[GIN] 2020/05/19 - 17:30:21 | 200 |      78.137µs |             ::1 | GET      "/test"
